2017-09-09 00:03:07 [scrapy.utils.log] INFO: Scrapy 1.4.0 started (bot: caipiao)
2017-09-09 00:03:07 [scrapy.utils.log] INFO: Overridden settings: {'BOT_NAME': 'caipiao', 'FEED_FORMAT': 'csv', 'FEED_URI': 'store/double_color_ball.csv', 'LOG_FILE': 'log/cp500dcb_20170909.log', 'NEWSPIDER_MODULE': 'caipiao.spiders', 'SPIDER_MODULES': ['caipiao.spiders']}
2017-09-09 00:03:07 [py.warnings] WARNING: /Users/liujiangping/Documents/projects/github/ping-scrapy/caipiao/caipiao/my_item_exporter.py:2: ScrapyDeprecationWarning: Module `scrapy.contrib.exporter` is deprecated, use `scrapy.exporters` instead
  from scrapy.contrib.exporter import CsvItemExporter

2017-09-09 00:03:07 [scrapy.middleware] INFO: Enabled extensions:
['scrapy.extensions.corestats.CoreStats',
 'scrapy.extensions.telnet.TelnetConsole',
 'scrapy.extensions.memusage.MemoryUsage',
 'scrapy.extensions.feedexport.FeedExporter',
 'scrapy.extensions.logstats.LogStats']
2017-09-09 00:03:07 [scrapy.middleware] INFO: Enabled downloader middlewares:
['scrapy.downloadermiddlewares.httpauth.HttpAuthMiddleware',
 'scrapy.downloadermiddlewares.downloadtimeout.DownloadTimeoutMiddleware',
 'scrapy.downloadermiddlewares.defaultheaders.DefaultHeadersMiddleware',
 'scrapy.downloadermiddlewares.useragent.UserAgentMiddleware',
 'scrapy.downloadermiddlewares.retry.RetryMiddleware',
 'scrapy.downloadermiddlewares.redirect.MetaRefreshMiddleware',
 'scrapy.downloadermiddlewares.httpcompression.HttpCompressionMiddleware',
 'scrapy.downloadermiddlewares.redirect.RedirectMiddleware',
 'scrapy.downloadermiddlewares.cookies.CookiesMiddleware',
 'scrapy.downloadermiddlewares.httpproxy.HttpProxyMiddleware',
 'scrapy.downloadermiddlewares.stats.DownloaderStats']
2017-09-09 00:03:07 [scrapy.middleware] INFO: Enabled spider middlewares:
['scrapy.spidermiddlewares.httperror.HttpErrorMiddleware',
 'scrapy.spidermiddlewares.offsite.OffsiteMiddleware',
 'scrapy.spidermiddlewares.referer.RefererMiddleware',
 'scrapy.spidermiddlewares.urllength.UrlLengthMiddleware',
 'scrapy.spidermiddlewares.depth.DepthMiddleware']
2017-09-09 00:03:07 [scrapy.middleware] INFO: Enabled item pipelines:
[]
2017-09-09 00:03:07 [scrapy.core.engine] INFO: Spider opened
2017-09-09 00:03:07 [scrapy.extensions.logstats] INFO: Crawled 0 pages (at 0 pages/min), scraped 0 items (at 0 items/min)
2017-09-09 00:03:07 [scrapy.extensions.telnet] DEBUG: Telnet console listening on 127.0.0.1:6023
2017-09-09 00:03:07 [scrapy.core.engine] DEBUG: Crawled (200) <GET http://kaijiang.500.com/ssq.shtml> (referer: None)
2017-09-09 00:03:07 [cp500dcb] INFO: fetch all periods:False
2017-09-09 00:03:07 [cp500dcb] INFO: ------------------------------period:17105
2017-09-09 00:03:07 [cp500dcb] INFO: ------------------------------lottery_date:2017年9月7日 
2017-09-09 00:03:07 [cp500dcb] INFO: ------------------------------red_balls:['03', '06', '07', '12', '25', '26']
2017-09-09 00:03:07 [cp500dcb] INFO: ------------------------------blue_ball:07
2017-09-09 00:03:07 [cp500dcb] INFO: ------------------------------order_balls_text:<tr>
						<td>
							出球顺序：</td>
						<td>
							03 12 06 25 07 26</td>
					</tr>
2017-09-09 00:03:07 [scrapy.core.scraper] DEBUG: Scraped from <200 http://kaijiang.500.com/ssq.shtml>
{'blue_ball': '07',
 'jackpot_amt': '385,864,894元',
 'lottery_date': '2017年9月7日 ',
 'order_balls': '03 12 06 25 07 26',
 'period': '17105',
 'prize_1_amt': '5,091,000',
 'prize_1_num': '29',
 'prize_2_amt': '12,987',
 'prize_2_num': '254',
 'prize_3_amt': '3,000',
 'prize_3_num': '5050',
 'prize_4_amt': '200',
 'prize_4_num': '164897',
 'prize_5_amt': '10',
 'prize_5_num': '2109753',
 'prize_6_amt': '5',
 'prize_6_num': '14309512',
 'red_ball_1': '03',
 'red_ball_2': '06',
 'red_ball_3': '07',
 'red_ball_4': '12',
 'red_ball_5': '25',
 'red_ball_6': '26',
 'sales_amt': '314,223,620元'}
2017-09-09 00:03:07 [scrapy.core.engine] INFO: Closing spider (finished)
2017-09-09 00:03:07 [scrapy.extensions.feedexport] INFO: Stored csv feed (1 items) in: store/double_color_ball.csv
2017-09-09 00:03:07 [scrapy.statscollectors] INFO: Dumping Scrapy stats:
{'downloader/request_bytes': 223,
 'downloader/request_count': 1,
 'downloader/request_method_count/GET': 1,
 'downloader/response_bytes': 31150,
 'downloader/response_count': 1,
 'downloader/response_status_count/200': 1,
 'finish_reason': 'finished',
 'finish_time': datetime.datetime(2017, 9, 8, 16, 3, 7, 709111),
 'item_scraped_count': 1,
 'log_count/DEBUG': 3,
 'log_count/INFO': 14,
 'log_count/WARNING': 1,
 'memusage/max': 51666944,
 'memusage/startup': 51666944,
 'response_received_count': 1,
 'scheduler/dequeued': 1,
 'scheduler/dequeued/memory': 1,
 'scheduler/enqueued': 1,
 'scheduler/enqueued/memory': 1,
 'start_time': datetime.datetime(2017, 9, 8, 16, 3, 7, 347297)}
2017-09-09 00:03:07 [scrapy.core.engine] INFO: Spider closed (finished)
